<?xml version="1.0" encoding="UTF-8"?>
<!-- Generated by org.testng.reporters.JUnitXMLReporter -->
<testsuite ignored="0" hostname="DELL" failures="0" tests="6" name="Default test" time="67.028" errors="0" timestamp="2023-08-09T21:16:38 IST">
  <testcase classname="ELEMENTS.TEXTBOX" name="landingpage" time="10.507"/>
  <testcase classname="ELEMENTS.TEXTBOX" name="textboxtest" time="13.084"/>
  <testcase classname="ELEMENTS.TEXTBOX" name="textboxtest" time="12.924"/>
  <testcase classname="ELEMENTS.TEXTBOX" name="textboxtest" time="13.076"/>
  <testcase classname="ELEMENTS.TEXTBOX" name="textboxtest" time="12.928"/>
  <testcase classname="ELEMENTS.TEXTBOX" name="submitbuttonisdisplayedornot" time="0.098"/>
</testsuite> <!-- Default test -->
