<?xml version="1.0" encoding="UTF-8"?>
<testng-results ignored="0" total="6" passed="6" failed="0" skipped="0">
  <reporter-output>
  </reporter-output>
  <suite started-at="2023-08-09T21:15:31 IST" name="Default suite" finished-at="2023-08-09T21:16:38 IST" duration-ms="67028">
    <groups>
    </groups>
    <test started-at="2023-08-09T21:15:31 IST" name="Default test" finished-at="2023-08-09T21:16:38 IST" duration-ms="67028">
      <class name="ELEMENTS.TEXTBOX">
        <test-method is-config="true" signature="basetest()[pri:0, instance:ELEMENTS.TEXTBOX@6c284af]" started-at="2023-08-09T21:15:31 IST" name="basetest" finished-at="2023-08-09T21:15:34 IST" duration-ms="3004" status="PASS">
          <reporter-output>
          </reporter-output>
        </test-method> <!-- basetest -->
        <test-method signature="landingpage()[pri:1, instance:ELEMENTS.TEXTBOX@6c284af]" started-at="2023-08-09T21:15:34 IST" name="landingpage" finished-at="2023-08-09T21:15:45 IST" duration-ms="10507" status="PASS">
          <reporter-output>
          </reporter-output>
        </test-method> <!-- landingpage -->
        <test-method signature="textboxtest(java.lang.String,java.lang.String,java.lang.String,java.lang.String)[pri:2, instance:ELEMENTS.TEXTBOX@6c284af]" started-at="2023-08-09T21:15:46 IST" name="textboxtest" description="user enter the all the textfields" data-provider="exceldata" finished-at="2023-08-09T21:15:59 IST" duration-ms="13084" status="PASS">
          <params>
            <param index="0">
              <value>
                <![CDATA[shivashankar]]>
              </value>
            </param>
            <param index="1">
              <value>
                <![CDATA[upparbawades94@gmail.com]]>
              </value>
            </param>
            <param index="2">
              <value>
                <![CDATA[banglore]]>
              </value>
            </param>
            <param index="3">
              <value>
                <![CDATA[mumbai]]>
              </value>
            </param>
          </params>
          <reporter-output>
          </reporter-output>
        </test-method> <!-- textboxtest -->
        <test-method signature="textboxtest(java.lang.String,java.lang.String,java.lang.String,java.lang.String)[pri:2, instance:ELEMENTS.TEXTBOX@6c284af]" started-at="2023-08-09T21:15:59 IST" name="textboxtest" description="user enter the all the textfields" data-provider="exceldata" finished-at="2023-08-09T21:16:12 IST" duration-ms="12924" status="PASS">
          <params>
            <param index="0">
              <value>
                <![CDATA[shiva]]>
              </value>
            </param>
            <param index="1">
              <value>
                <![CDATA[upparbawades95@gmail.com]]>
              </value>
            </param>
            <param index="2">
              <value>
                <![CDATA[mumbai]]>
              </value>
            </param>
            <param index="3">
              <value>
                <![CDATA[bangalore]]>
              </value>
            </param>
          </params>
          <reporter-output>
          </reporter-output>
        </test-method> <!-- textboxtest -->
        <test-method signature="textboxtest(java.lang.String,java.lang.String,java.lang.String,java.lang.String)[pri:2, instance:ELEMENTS.TEXTBOX@6c284af]" started-at="2023-08-09T21:16:12 IST" name="textboxtest" description="user enter the all the textfields" data-provider="exceldata" finished-at="2023-08-09T21:16:25 IST" duration-ms="13076" status="PASS">
          <params>
            <param index="0">
              <value>
                <![CDATA[mahesh]]>
              </value>
            </param>
            <param index="1">
              <value>
                <![CDATA[upparbawades98@gmail.com]]>
              </value>
            </param>
            <param index="2">
              <value>
                <![CDATA[delhi]]>
              </value>
            </param>
            <param index="3">
              <value>
                <![CDATA[pune]]>
              </value>
            </param>
          </params>
          <reporter-output>
          </reporter-output>
        </test-method> <!-- textboxtest -->
        <test-method signature="textboxtest(java.lang.String,java.lang.String,java.lang.String,java.lang.String)[pri:2, instance:ELEMENTS.TEXTBOX@6c284af]" started-at="2023-08-09T21:16:25 IST" name="textboxtest" description="user enter the all the textfields" data-provider="exceldata" finished-at="2023-08-09T21:16:38 IST" duration-ms="12928" status="PASS">
          <params>
            <param index="0">
              <value>
                <![CDATA[bagha]]>
              </value>
            </param>
            <param index="1">
              <value>
                <![CDATA[upparbawades90@gmail.com]]>
              </value>
            </param>
            <param index="2">
              <value>
                <![CDATA[pune]]>
              </value>
            </param>
            <param index="3">
              <value>
                <![CDATA[delhi]]>
              </value>
            </param>
          </params>
          <reporter-output>
          </reporter-output>
        </test-method> <!-- textboxtest -->
        <test-method signature="submitbuttonisdisplayedornot()[pri:3, instance:ELEMENTS.TEXTBOX@6c284af]" started-at="2023-08-09T21:16:38 IST" name="submitbuttonisdisplayedornot" description="user check submit button is displayed or not" finished-at="2023-08-09T21:16:38 IST" duration-ms="98" status="PASS">
          <reporter-output>
          </reporter-output>
        </test-method> <!-- submitbuttonisdisplayedornot -->
      </class> <!-- ELEMENTS.TEXTBOX -->
    </test> <!-- Default test -->
  </suite> <!-- Default suite -->
</testng-results>
